<html><body><h1>Test Execution Summary - 11-Feb-2021 16:05:35</h1>htmlsampleTest0(unit.JunitReports.HTML.JUnitHTMLSampleTest) success!<br/>htmlsampleTest1(unit.JunitReports.HTML.JUnitHTMLSampleTest) AssertionError<br/>htmlsampleTest2(unit.JunitReports.HTML.JUnitHTMLSampleTest) success!<br/>htmlsampleTest4(unit.JunitReports.HTML.JUnitHTMLSampleTest) AssertionError<br/></body></html>